ARM GAS  /tmp/ccklNXTm.s 			page 1


   1              		.cpu cortex-m7
   2              		.arch armv7e-m
   3              		.fpu fpv5-d16
   4              		.eabi_attribute 28, 1
   5              		.eabi_attribute 20, 1
   6              		.eabi_attribute 21, 1
   7              		.eabi_attribute 23, 3
   8              		.eabi_attribute 24, 1
   9              		.eabi_attribute 25, 1
  10              		.eabi_attribute 26, 1
  11              		.eabi_attribute 30, 1
  12              		.eabi_attribute 34, 1
  13              		.eabi_attribute 18, 4
  14              		.file	"usbd_desc.c"
  15              		.text
  16              	.Ltext0:
  17              		.cfi_sections	.debug_frame
  18              		.section	.text.USBD_FS_DeviceDescriptor,"ax",%progbits
  19              		.align	1
  20              		.global	USBD_FS_DeviceDescriptor
  21              		.syntax unified
  22              		.thumb
  23              		.thumb_func
  25              	USBD_FS_DeviceDescriptor:
  26              	.LVL0:
  27              	.LFB148:
  28              		.file 1 "USB_DEVICE/App/usbd_desc.c"
   1:USB_DEVICE/App/usbd_desc.c **** /* USER CODE BEGIN Header */
   2:USB_DEVICE/App/usbd_desc.c **** /**
   3:USB_DEVICE/App/usbd_desc.c ****   ******************************************************************************
   4:USB_DEVICE/App/usbd_desc.c ****   * @file           : App/usbd_desc.c
   5:USB_DEVICE/App/usbd_desc.c ****   * @version        : v1.0_Cube
   6:USB_DEVICE/App/usbd_desc.c ****   * @brief          : This file implements the USB device descriptors.
   7:USB_DEVICE/App/usbd_desc.c ****   ******************************************************************************
   8:USB_DEVICE/App/usbd_desc.c ****   * @attention
   9:USB_DEVICE/App/usbd_desc.c ****   *
  10:USB_DEVICE/App/usbd_desc.c ****   * Copyright (c) 2023 STMicroelectronics.
  11:USB_DEVICE/App/usbd_desc.c ****   * All rights reserved.
  12:USB_DEVICE/App/usbd_desc.c ****   *
  13:USB_DEVICE/App/usbd_desc.c ****   * This software is licensed under terms that can be found in the LICENSE file
  14:USB_DEVICE/App/usbd_desc.c ****   * in the root directory of this software component.
  15:USB_DEVICE/App/usbd_desc.c ****   * If no LICENSE file comes with this software, it is provided AS-IS.
  16:USB_DEVICE/App/usbd_desc.c ****   *
  17:USB_DEVICE/App/usbd_desc.c ****   ******************************************************************************
  18:USB_DEVICE/App/usbd_desc.c ****   */
  19:USB_DEVICE/App/usbd_desc.c **** /* USER CODE END Header */
  20:USB_DEVICE/App/usbd_desc.c **** 
  21:USB_DEVICE/App/usbd_desc.c **** /* Includes ------------------------------------------------------------------*/
  22:USB_DEVICE/App/usbd_desc.c **** #include "usbd_core.h"
  23:USB_DEVICE/App/usbd_desc.c **** #include "usbd_desc.h"
  24:USB_DEVICE/App/usbd_desc.c **** #include "usbd_conf.h"
  25:USB_DEVICE/App/usbd_desc.c **** 
  26:USB_DEVICE/App/usbd_desc.c **** /* USER CODE BEGIN INCLUDE */
  27:USB_DEVICE/App/usbd_desc.c **** 
  28:USB_DEVICE/App/usbd_desc.c **** /* USER CODE END INCLUDE */
  29:USB_DEVICE/App/usbd_desc.c **** 
  30:USB_DEVICE/App/usbd_desc.c **** /* Private typedef -----------------------------------------------------------*/
ARM GAS  /tmp/ccklNXTm.s 			page 2


  31:USB_DEVICE/App/usbd_desc.c **** /* Private define ------------------------------------------------------------*/
  32:USB_DEVICE/App/usbd_desc.c **** /* Private macro -------------------------------------------------------------*/
  33:USB_DEVICE/App/usbd_desc.c **** 
  34:USB_DEVICE/App/usbd_desc.c **** /* USER CODE BEGIN PV */
  35:USB_DEVICE/App/usbd_desc.c **** /* Private variables ---------------------------------------------------------*/
  36:USB_DEVICE/App/usbd_desc.c **** 
  37:USB_DEVICE/App/usbd_desc.c **** /* USER CODE END PV */
  38:USB_DEVICE/App/usbd_desc.c **** 
  39:USB_DEVICE/App/usbd_desc.c **** /** @addtogroup STM32_USB_OTG_DEVICE_LIBRARY
  40:USB_DEVICE/App/usbd_desc.c ****   * @{
  41:USB_DEVICE/App/usbd_desc.c ****   */
  42:USB_DEVICE/App/usbd_desc.c **** 
  43:USB_DEVICE/App/usbd_desc.c **** /** @addtogroup USBD_DESC
  44:USB_DEVICE/App/usbd_desc.c ****   * @{
  45:USB_DEVICE/App/usbd_desc.c ****   */
  46:USB_DEVICE/App/usbd_desc.c **** 
  47:USB_DEVICE/App/usbd_desc.c **** /** @defgroup USBD_DESC_Private_TypesDefinitions USBD_DESC_Private_TypesDefinitions
  48:USB_DEVICE/App/usbd_desc.c ****   * @brief Private types.
  49:USB_DEVICE/App/usbd_desc.c ****   * @{
  50:USB_DEVICE/App/usbd_desc.c ****   */
  51:USB_DEVICE/App/usbd_desc.c **** 
  52:USB_DEVICE/App/usbd_desc.c **** /* USER CODE BEGIN PRIVATE_TYPES */
  53:USB_DEVICE/App/usbd_desc.c **** 
  54:USB_DEVICE/App/usbd_desc.c **** /* USER CODE END PRIVATE_TYPES */
  55:USB_DEVICE/App/usbd_desc.c **** 
  56:USB_DEVICE/App/usbd_desc.c **** /**
  57:USB_DEVICE/App/usbd_desc.c ****   * @}
  58:USB_DEVICE/App/usbd_desc.c ****   */
  59:USB_DEVICE/App/usbd_desc.c **** 
  60:USB_DEVICE/App/usbd_desc.c **** /** @defgroup USBD_DESC_Private_Defines USBD_DESC_Private_Defines
  61:USB_DEVICE/App/usbd_desc.c ****   * @brief Private defines.
  62:USB_DEVICE/App/usbd_desc.c ****   * @{
  63:USB_DEVICE/App/usbd_desc.c ****   */
  64:USB_DEVICE/App/usbd_desc.c **** 
  65:USB_DEVICE/App/usbd_desc.c **** #define USBD_VID     1155
  66:USB_DEVICE/App/usbd_desc.c **** #define USBD_LANGID_STRING     1033
  67:USB_DEVICE/App/usbd_desc.c **** #define USBD_MANUFACTURER_STRING     "STMicroelectronics"
  68:USB_DEVICE/App/usbd_desc.c **** #define USBD_PID_FS     22336
  69:USB_DEVICE/App/usbd_desc.c **** #define USBD_PRODUCT_STRING_FS     "STM32 Virtual ComPort"
  70:USB_DEVICE/App/usbd_desc.c **** #define USBD_CONFIGURATION_STRING_FS     "CDC Config"
  71:USB_DEVICE/App/usbd_desc.c **** #define USBD_INTERFACE_STRING_FS     "CDC Interface"
  72:USB_DEVICE/App/usbd_desc.c **** 
  73:USB_DEVICE/App/usbd_desc.c **** #define USB_SIZ_BOS_DESC            0x0C
  74:USB_DEVICE/App/usbd_desc.c **** 
  75:USB_DEVICE/App/usbd_desc.c **** /* USER CODE BEGIN PRIVATE_DEFINES */
  76:USB_DEVICE/App/usbd_desc.c **** 
  77:USB_DEVICE/App/usbd_desc.c **** /* USER CODE END PRIVATE_DEFINES */
  78:USB_DEVICE/App/usbd_desc.c **** 
  79:USB_DEVICE/App/usbd_desc.c **** /**
  80:USB_DEVICE/App/usbd_desc.c ****   * @}
  81:USB_DEVICE/App/usbd_desc.c ****   */
  82:USB_DEVICE/App/usbd_desc.c **** 
  83:USB_DEVICE/App/usbd_desc.c **** /* USER CODE BEGIN 0 */
  84:USB_DEVICE/App/usbd_desc.c **** 
  85:USB_DEVICE/App/usbd_desc.c **** /* USER CODE END 0 */
  86:USB_DEVICE/App/usbd_desc.c **** 
  87:USB_DEVICE/App/usbd_desc.c **** /** @defgroup USBD_DESC_Private_Macros USBD_DESC_Private_Macros
ARM GAS  /tmp/ccklNXTm.s 			page 3


  88:USB_DEVICE/App/usbd_desc.c ****   * @brief Private macros.
  89:USB_DEVICE/App/usbd_desc.c ****   * @{
  90:USB_DEVICE/App/usbd_desc.c ****   */
  91:USB_DEVICE/App/usbd_desc.c **** 
  92:USB_DEVICE/App/usbd_desc.c **** /* USER CODE BEGIN PRIVATE_MACRO */
  93:USB_DEVICE/App/usbd_desc.c **** 
  94:USB_DEVICE/App/usbd_desc.c **** /* USER CODE END PRIVATE_MACRO */
  95:USB_DEVICE/App/usbd_desc.c **** 
  96:USB_DEVICE/App/usbd_desc.c **** /**
  97:USB_DEVICE/App/usbd_desc.c ****   * @}
  98:USB_DEVICE/App/usbd_desc.c ****   */
  99:USB_DEVICE/App/usbd_desc.c **** 
 100:USB_DEVICE/App/usbd_desc.c **** /** @defgroup USBD_DESC_Private_FunctionPrototypes USBD_DESC_Private_FunctionPrototypes
 101:USB_DEVICE/App/usbd_desc.c ****   * @brief Private functions declaration.
 102:USB_DEVICE/App/usbd_desc.c ****   * @{
 103:USB_DEVICE/App/usbd_desc.c ****   */
 104:USB_DEVICE/App/usbd_desc.c **** 
 105:USB_DEVICE/App/usbd_desc.c **** static void Get_SerialNum(void);
 106:USB_DEVICE/App/usbd_desc.c **** static void IntToUnicode(uint32_t value, uint8_t * pbuf, uint8_t len);
 107:USB_DEVICE/App/usbd_desc.c **** 
 108:USB_DEVICE/App/usbd_desc.c **** /**
 109:USB_DEVICE/App/usbd_desc.c ****   * @}
 110:USB_DEVICE/App/usbd_desc.c ****   */
 111:USB_DEVICE/App/usbd_desc.c **** 
 112:USB_DEVICE/App/usbd_desc.c **** /** @defgroup USBD_DESC_Private_FunctionPrototypes USBD_DESC_Private_FunctionPrototypes
 113:USB_DEVICE/App/usbd_desc.c ****   * @brief Private functions declaration for FS.
 114:USB_DEVICE/App/usbd_desc.c ****   * @{
 115:USB_DEVICE/App/usbd_desc.c ****   */
 116:USB_DEVICE/App/usbd_desc.c **** 
 117:USB_DEVICE/App/usbd_desc.c **** uint8_t * USBD_FS_DeviceDescriptor(USBD_SpeedTypeDef speed, uint16_t *length);
 118:USB_DEVICE/App/usbd_desc.c **** uint8_t * USBD_FS_LangIDStrDescriptor(USBD_SpeedTypeDef speed, uint16_t *length);
 119:USB_DEVICE/App/usbd_desc.c **** uint8_t * USBD_FS_ManufacturerStrDescriptor(USBD_SpeedTypeDef speed, uint16_t *length);
 120:USB_DEVICE/App/usbd_desc.c **** uint8_t * USBD_FS_ProductStrDescriptor(USBD_SpeedTypeDef speed, uint16_t *length);
 121:USB_DEVICE/App/usbd_desc.c **** uint8_t * USBD_FS_SerialStrDescriptor(USBD_SpeedTypeDef speed, uint16_t *length);
 122:USB_DEVICE/App/usbd_desc.c **** uint8_t * USBD_FS_ConfigStrDescriptor(USBD_SpeedTypeDef speed, uint16_t *length);
 123:USB_DEVICE/App/usbd_desc.c **** uint8_t * USBD_FS_InterfaceStrDescriptor(USBD_SpeedTypeDef speed, uint16_t *length);
 124:USB_DEVICE/App/usbd_desc.c **** 
 125:USB_DEVICE/App/usbd_desc.c **** /**
 126:USB_DEVICE/App/usbd_desc.c ****   * @}
 127:USB_DEVICE/App/usbd_desc.c ****   */
 128:USB_DEVICE/App/usbd_desc.c **** 
 129:USB_DEVICE/App/usbd_desc.c **** /** @defgroup USBD_DESC_Private_Variables USBD_DESC_Private_Variables
 130:USB_DEVICE/App/usbd_desc.c ****   * @brief Private variables.
 131:USB_DEVICE/App/usbd_desc.c ****   * @{
 132:USB_DEVICE/App/usbd_desc.c ****   */
 133:USB_DEVICE/App/usbd_desc.c **** 
 134:USB_DEVICE/App/usbd_desc.c **** USBD_DescriptorsTypeDef FS_Desc =
 135:USB_DEVICE/App/usbd_desc.c **** {
 136:USB_DEVICE/App/usbd_desc.c ****   USBD_FS_DeviceDescriptor
 137:USB_DEVICE/App/usbd_desc.c **** , USBD_FS_LangIDStrDescriptor
 138:USB_DEVICE/App/usbd_desc.c **** , USBD_FS_ManufacturerStrDescriptor
 139:USB_DEVICE/App/usbd_desc.c **** , USBD_FS_ProductStrDescriptor
 140:USB_DEVICE/App/usbd_desc.c **** , USBD_FS_SerialStrDescriptor
 141:USB_DEVICE/App/usbd_desc.c **** , USBD_FS_ConfigStrDescriptor
 142:USB_DEVICE/App/usbd_desc.c **** , USBD_FS_InterfaceStrDescriptor
 143:USB_DEVICE/App/usbd_desc.c **** };
 144:USB_DEVICE/App/usbd_desc.c **** 
ARM GAS  /tmp/ccklNXTm.s 			page 4


 145:USB_DEVICE/App/usbd_desc.c **** #if defined ( __ICCARM__ ) /* IAR Compiler */
 146:USB_DEVICE/App/usbd_desc.c ****   #pragma data_alignment=4
 147:USB_DEVICE/App/usbd_desc.c **** #endif /* defined ( __ICCARM__ ) */
 148:USB_DEVICE/App/usbd_desc.c **** /** USB standard device descriptor. */
 149:USB_DEVICE/App/usbd_desc.c **** __ALIGN_BEGIN uint8_t USBD_FS_DeviceDesc[USB_LEN_DEV_DESC] __ALIGN_END =
 150:USB_DEVICE/App/usbd_desc.c **** {
 151:USB_DEVICE/App/usbd_desc.c ****   0x12,                       /*bLength */
 152:USB_DEVICE/App/usbd_desc.c ****   USB_DESC_TYPE_DEVICE,       /*bDescriptorType*/
 153:USB_DEVICE/App/usbd_desc.c ****   0x00,                       /*bcdUSB */
 154:USB_DEVICE/App/usbd_desc.c ****   0x02,
 155:USB_DEVICE/App/usbd_desc.c ****   0x02,                       /*bDeviceClass*/
 156:USB_DEVICE/App/usbd_desc.c ****   0x02,                       /*bDeviceSubClass*/
 157:USB_DEVICE/App/usbd_desc.c ****   0x00,                       /*bDeviceProtocol*/
 158:USB_DEVICE/App/usbd_desc.c ****   USB_MAX_EP0_SIZE,           /*bMaxPacketSize*/
 159:USB_DEVICE/App/usbd_desc.c ****   LOBYTE(USBD_VID),           /*idVendor*/
 160:USB_DEVICE/App/usbd_desc.c ****   HIBYTE(USBD_VID),           /*idVendor*/
 161:USB_DEVICE/App/usbd_desc.c ****   LOBYTE(USBD_PID_FS),        /*idProduct*/
 162:USB_DEVICE/App/usbd_desc.c ****   HIBYTE(USBD_PID_FS),        /*idProduct*/
 163:USB_DEVICE/App/usbd_desc.c ****   0x00,                       /*bcdDevice rel. 2.00*/
 164:USB_DEVICE/App/usbd_desc.c ****   0x02,
 165:USB_DEVICE/App/usbd_desc.c ****   USBD_IDX_MFC_STR,           /*Index of manufacturer  string*/
 166:USB_DEVICE/App/usbd_desc.c ****   USBD_IDX_PRODUCT_STR,       /*Index of product string*/
 167:USB_DEVICE/App/usbd_desc.c ****   USBD_IDX_SERIAL_STR,        /*Index of serial number string*/
 168:USB_DEVICE/App/usbd_desc.c ****   USBD_MAX_NUM_CONFIGURATION  /*bNumConfigurations*/
 169:USB_DEVICE/App/usbd_desc.c **** };
 170:USB_DEVICE/App/usbd_desc.c **** 
 171:USB_DEVICE/App/usbd_desc.c **** /* USB_DeviceDescriptor */
 172:USB_DEVICE/App/usbd_desc.c **** /** BOS descriptor. */
 173:USB_DEVICE/App/usbd_desc.c **** #if (USBD_LPM_ENABLED == 1)
 174:USB_DEVICE/App/usbd_desc.c **** #if defined ( __ICCARM__ ) /* IAR Compiler */
 175:USB_DEVICE/App/usbd_desc.c ****   #pragma data_alignment=4
 176:USB_DEVICE/App/usbd_desc.c **** #endif /* defined ( __ICCARM__ ) */
 177:USB_DEVICE/App/usbd_desc.c **** __ALIGN_BEGIN uint8_t USBD_FS_BOSDesc[USB_SIZ_BOS_DESC] __ALIGN_END =
 178:USB_DEVICE/App/usbd_desc.c **** {
 179:USB_DEVICE/App/usbd_desc.c ****   0x5,
 180:USB_DEVICE/App/usbd_desc.c ****   USB_DESC_TYPE_BOS,
 181:USB_DEVICE/App/usbd_desc.c ****   0xC,
 182:USB_DEVICE/App/usbd_desc.c ****   0x0,
 183:USB_DEVICE/App/usbd_desc.c ****   0x1,  /* 1 device capability*/
 184:USB_DEVICE/App/usbd_desc.c ****         /* device capability*/
 185:USB_DEVICE/App/usbd_desc.c ****   0x7,
 186:USB_DEVICE/App/usbd_desc.c ****   USB_DEVICE_CAPABITY_TYPE,
 187:USB_DEVICE/App/usbd_desc.c ****   0x2,
 188:USB_DEVICE/App/usbd_desc.c ****   0x2,  /* LPM capability bit set*/
 189:USB_DEVICE/App/usbd_desc.c ****   0x0,
 190:USB_DEVICE/App/usbd_desc.c ****   0x0,
 191:USB_DEVICE/App/usbd_desc.c ****   0x0
 192:USB_DEVICE/App/usbd_desc.c **** };
 193:USB_DEVICE/App/usbd_desc.c **** #endif /* (USBD_LPM_ENABLED == 1) */
 194:USB_DEVICE/App/usbd_desc.c **** 
 195:USB_DEVICE/App/usbd_desc.c **** /**
 196:USB_DEVICE/App/usbd_desc.c ****   * @}
 197:USB_DEVICE/App/usbd_desc.c ****   */
 198:USB_DEVICE/App/usbd_desc.c **** 
 199:USB_DEVICE/App/usbd_desc.c **** /** @defgroup USBD_DESC_Private_Variables USBD_DESC_Private_Variables
 200:USB_DEVICE/App/usbd_desc.c ****   * @brief Private variables.
 201:USB_DEVICE/App/usbd_desc.c ****   * @{
ARM GAS  /tmp/ccklNXTm.s 			page 5


 202:USB_DEVICE/App/usbd_desc.c ****   */
 203:USB_DEVICE/App/usbd_desc.c **** 
 204:USB_DEVICE/App/usbd_desc.c **** #if defined ( __ICCARM__ ) /* IAR Compiler */
 205:USB_DEVICE/App/usbd_desc.c ****   #pragma data_alignment=4
 206:USB_DEVICE/App/usbd_desc.c **** #endif /* defined ( __ICCARM__ ) */
 207:USB_DEVICE/App/usbd_desc.c **** 
 208:USB_DEVICE/App/usbd_desc.c **** /** USB lang identifier descriptor. */
 209:USB_DEVICE/App/usbd_desc.c **** __ALIGN_BEGIN uint8_t USBD_LangIDDesc[USB_LEN_LANGID_STR_DESC] __ALIGN_END =
 210:USB_DEVICE/App/usbd_desc.c **** {
 211:USB_DEVICE/App/usbd_desc.c ****      USB_LEN_LANGID_STR_DESC,
 212:USB_DEVICE/App/usbd_desc.c ****      USB_DESC_TYPE_STRING,
 213:USB_DEVICE/App/usbd_desc.c ****      LOBYTE(USBD_LANGID_STRING),
 214:USB_DEVICE/App/usbd_desc.c ****      HIBYTE(USBD_LANGID_STRING)
 215:USB_DEVICE/App/usbd_desc.c **** };
 216:USB_DEVICE/App/usbd_desc.c **** 
 217:USB_DEVICE/App/usbd_desc.c **** #if defined ( __ICCARM__ ) /* IAR Compiler */
 218:USB_DEVICE/App/usbd_desc.c ****   #pragma data_alignment=4
 219:USB_DEVICE/App/usbd_desc.c **** #endif /* defined ( __ICCARM__ ) */
 220:USB_DEVICE/App/usbd_desc.c **** /* Internal string descriptor. */
 221:USB_DEVICE/App/usbd_desc.c **** __ALIGN_BEGIN uint8_t USBD_StrDesc[USBD_MAX_STR_DESC_SIZ] __ALIGN_END;
 222:USB_DEVICE/App/usbd_desc.c **** 
 223:USB_DEVICE/App/usbd_desc.c **** #if defined ( __ICCARM__ ) /*!< IAR Compiler */
 224:USB_DEVICE/App/usbd_desc.c ****   #pragma data_alignment=4
 225:USB_DEVICE/App/usbd_desc.c **** #endif
 226:USB_DEVICE/App/usbd_desc.c **** __ALIGN_BEGIN uint8_t USBD_StringSerial[USB_SIZ_STRING_SERIAL] __ALIGN_END = {
 227:USB_DEVICE/App/usbd_desc.c ****   USB_SIZ_STRING_SERIAL,
 228:USB_DEVICE/App/usbd_desc.c ****   USB_DESC_TYPE_STRING,
 229:USB_DEVICE/App/usbd_desc.c **** };
 230:USB_DEVICE/App/usbd_desc.c **** 
 231:USB_DEVICE/App/usbd_desc.c **** /**
 232:USB_DEVICE/App/usbd_desc.c ****   * @}
 233:USB_DEVICE/App/usbd_desc.c ****   */
 234:USB_DEVICE/App/usbd_desc.c **** 
 235:USB_DEVICE/App/usbd_desc.c **** /** @defgroup USBD_DESC_Private_Functions USBD_DESC_Private_Functions
 236:USB_DEVICE/App/usbd_desc.c ****   * @brief Private functions.
 237:USB_DEVICE/App/usbd_desc.c ****   * @{
 238:USB_DEVICE/App/usbd_desc.c ****   */
 239:USB_DEVICE/App/usbd_desc.c **** 
 240:USB_DEVICE/App/usbd_desc.c **** /**
 241:USB_DEVICE/App/usbd_desc.c ****   * @brief  Return the device descriptor
 242:USB_DEVICE/App/usbd_desc.c ****   * @param  speed : Current device speed
 243:USB_DEVICE/App/usbd_desc.c ****   * @param  length : Pointer to data length variable
 244:USB_DEVICE/App/usbd_desc.c ****   * @retval Pointer to descriptor buffer
 245:USB_DEVICE/App/usbd_desc.c ****   */
 246:USB_DEVICE/App/usbd_desc.c **** uint8_t * USBD_FS_DeviceDescriptor(USBD_SpeedTypeDef speed, uint16_t *length)
 247:USB_DEVICE/App/usbd_desc.c **** {
  29              		.loc 1 247 1 view -0
  30              		.cfi_startproc
  31              		@ args = 0, pretend = 0, frame = 0
  32              		@ frame_needed = 0, uses_anonymous_args = 0
  33              		@ link register save eliminated.
 248:USB_DEVICE/App/usbd_desc.c ****   UNUSED(speed);
  34              		.loc 1 248 3 view .LVU1
 249:USB_DEVICE/App/usbd_desc.c ****   *length = sizeof(USBD_FS_DeviceDesc);
  35              		.loc 1 249 3 view .LVU2
  36              		.loc 1 249 11 is_stmt 0 view .LVU3
  37 0000 1223     		movs	r3, #18
ARM GAS  /tmp/ccklNXTm.s 			page 6


  38 0002 0B80     		strh	r3, [r1]	@ movhi
 250:USB_DEVICE/App/usbd_desc.c ****   return USBD_FS_DeviceDesc;
  39              		.loc 1 250 3 is_stmt 1 view .LVU4
 251:USB_DEVICE/App/usbd_desc.c **** }
  40              		.loc 1 251 1 is_stmt 0 view .LVU5
  41 0004 0048     		ldr	r0, .L2
  42              	.LVL1:
  43              		.loc 1 251 1 view .LVU6
  44 0006 7047     		bx	lr
  45              	.L3:
  46              		.align	2
  47              	.L2:
  48 0008 00000000 		.word	.LANCHOR0
  49              		.cfi_endproc
  50              	.LFE148:
  52              		.section	.text.USBD_FS_LangIDStrDescriptor,"ax",%progbits
  53              		.align	1
  54              		.global	USBD_FS_LangIDStrDescriptor
  55              		.syntax unified
  56              		.thumb
  57              		.thumb_func
  59              	USBD_FS_LangIDStrDescriptor:
  60              	.LVL2:
  61              	.LFB149:
 252:USB_DEVICE/App/usbd_desc.c **** 
 253:USB_DEVICE/App/usbd_desc.c **** /**
 254:USB_DEVICE/App/usbd_desc.c ****   * @brief  Return the LangID string descriptor
 255:USB_DEVICE/App/usbd_desc.c ****   * @param  speed : Current device speed
 256:USB_DEVICE/App/usbd_desc.c ****   * @param  length : Pointer to data length variable
 257:USB_DEVICE/App/usbd_desc.c ****   * @retval Pointer to descriptor buffer
 258:USB_DEVICE/App/usbd_desc.c ****   */
 259:USB_DEVICE/App/usbd_desc.c **** uint8_t * USBD_FS_LangIDStrDescriptor(USBD_SpeedTypeDef speed, uint16_t *length)
 260:USB_DEVICE/App/usbd_desc.c **** {
  62              		.loc 1 260 1 is_stmt 1 view -0
  63              		.cfi_startproc
  64              		@ args = 0, pretend = 0, frame = 0
  65              		@ frame_needed = 0, uses_anonymous_args = 0
  66              		@ link register save eliminated.
 261:USB_DEVICE/App/usbd_desc.c ****   UNUSED(speed);
  67              		.loc 1 261 3 view .LVU8
 262:USB_DEVICE/App/usbd_desc.c ****   *length = sizeof(USBD_LangIDDesc);
  68              		.loc 1 262 3 view .LVU9
  69              		.loc 1 262 11 is_stmt 0 view .LVU10
  70 0000 0423     		movs	r3, #4
  71 0002 0B80     		strh	r3, [r1]	@ movhi
 263:USB_DEVICE/App/usbd_desc.c ****   return USBD_LangIDDesc;
  72              		.loc 1 263 3 is_stmt 1 view .LVU11
 264:USB_DEVICE/App/usbd_desc.c **** }
  73              		.loc 1 264 1 is_stmt 0 view .LVU12
  74 0004 0048     		ldr	r0, .L5
  75              	.LVL3:
  76              		.loc 1 264 1 view .LVU13
  77 0006 7047     		bx	lr
  78              	.L6:
  79              		.align	2
  80              	.L5:
  81 0008 00000000 		.word	.LANCHOR1
ARM GAS  /tmp/ccklNXTm.s 			page 7


  82              		.cfi_endproc
  83              	.LFE149:
  85              		.section	.text.IntToUnicode,"ax",%progbits
  86              		.align	1
  87              		.syntax unified
  88              		.thumb
  89              		.thumb_func
  91              	IntToUnicode:
  92              	.LVL4:
  93              	.LFB156:
 265:USB_DEVICE/App/usbd_desc.c **** 
 266:USB_DEVICE/App/usbd_desc.c **** /**
 267:USB_DEVICE/App/usbd_desc.c ****   * @brief  Return the product string descriptor
 268:USB_DEVICE/App/usbd_desc.c ****   * @param  speed : Current device speed
 269:USB_DEVICE/App/usbd_desc.c ****   * @param  length : Pointer to data length variable
 270:USB_DEVICE/App/usbd_desc.c ****   * @retval Pointer to descriptor buffer
 271:USB_DEVICE/App/usbd_desc.c ****   */
 272:USB_DEVICE/App/usbd_desc.c **** uint8_t * USBD_FS_ProductStrDescriptor(USBD_SpeedTypeDef speed, uint16_t *length)
 273:USB_DEVICE/App/usbd_desc.c **** {
 274:USB_DEVICE/App/usbd_desc.c ****   if(speed == 0)
 275:USB_DEVICE/App/usbd_desc.c ****   {
 276:USB_DEVICE/App/usbd_desc.c ****     USBD_GetString((uint8_t *)USBD_PRODUCT_STRING_FS, USBD_StrDesc, length);
 277:USB_DEVICE/App/usbd_desc.c ****   }
 278:USB_DEVICE/App/usbd_desc.c ****   else
 279:USB_DEVICE/App/usbd_desc.c ****   {
 280:USB_DEVICE/App/usbd_desc.c ****     USBD_GetString((uint8_t *)USBD_PRODUCT_STRING_FS, USBD_StrDesc, length);
 281:USB_DEVICE/App/usbd_desc.c ****   }
 282:USB_DEVICE/App/usbd_desc.c ****   return USBD_StrDesc;
 283:USB_DEVICE/App/usbd_desc.c **** }
 284:USB_DEVICE/App/usbd_desc.c **** 
 285:USB_DEVICE/App/usbd_desc.c **** /**
 286:USB_DEVICE/App/usbd_desc.c ****   * @brief  Return the manufacturer string descriptor
 287:USB_DEVICE/App/usbd_desc.c ****   * @param  speed : Current device speed
 288:USB_DEVICE/App/usbd_desc.c ****   * @param  length : Pointer to data length variable
 289:USB_DEVICE/App/usbd_desc.c ****   * @retval Pointer to descriptor buffer
 290:USB_DEVICE/App/usbd_desc.c ****   */
 291:USB_DEVICE/App/usbd_desc.c **** uint8_t * USBD_FS_ManufacturerStrDescriptor(USBD_SpeedTypeDef speed, uint16_t *length)
 292:USB_DEVICE/App/usbd_desc.c **** {
 293:USB_DEVICE/App/usbd_desc.c ****   UNUSED(speed);
 294:USB_DEVICE/App/usbd_desc.c ****   USBD_GetString((uint8_t *)USBD_MANUFACTURER_STRING, USBD_StrDesc, length);
 295:USB_DEVICE/App/usbd_desc.c ****   return USBD_StrDesc;
 296:USB_DEVICE/App/usbd_desc.c **** }
 297:USB_DEVICE/App/usbd_desc.c **** 
 298:USB_DEVICE/App/usbd_desc.c **** /**
 299:USB_DEVICE/App/usbd_desc.c ****   * @brief  Return the serial number string descriptor
 300:USB_DEVICE/App/usbd_desc.c ****   * @param  speed : Current device speed
 301:USB_DEVICE/App/usbd_desc.c ****   * @param  length : Pointer to data length variable
 302:USB_DEVICE/App/usbd_desc.c ****   * @retval Pointer to descriptor buffer
 303:USB_DEVICE/App/usbd_desc.c ****   */
 304:USB_DEVICE/App/usbd_desc.c **** uint8_t * USBD_FS_SerialStrDescriptor(USBD_SpeedTypeDef speed, uint16_t *length)
 305:USB_DEVICE/App/usbd_desc.c **** {
 306:USB_DEVICE/App/usbd_desc.c ****   UNUSED(speed);
 307:USB_DEVICE/App/usbd_desc.c ****   *length = USB_SIZ_STRING_SERIAL;
 308:USB_DEVICE/App/usbd_desc.c **** 
 309:USB_DEVICE/App/usbd_desc.c ****   /* Update the serial number string descriptor with the data from the unique
 310:USB_DEVICE/App/usbd_desc.c ****    * ID */
 311:USB_DEVICE/App/usbd_desc.c ****   Get_SerialNum();
ARM GAS  /tmp/ccklNXTm.s 			page 8


 312:USB_DEVICE/App/usbd_desc.c ****   /* USER CODE BEGIN USBD_FS_SerialStrDescriptor */
 313:USB_DEVICE/App/usbd_desc.c **** 
 314:USB_DEVICE/App/usbd_desc.c ****   /* USER CODE END USBD_FS_SerialStrDescriptor */
 315:USB_DEVICE/App/usbd_desc.c ****   return (uint8_t *) USBD_StringSerial;
 316:USB_DEVICE/App/usbd_desc.c **** }
 317:USB_DEVICE/App/usbd_desc.c **** 
 318:USB_DEVICE/App/usbd_desc.c **** /**
 319:USB_DEVICE/App/usbd_desc.c ****   * @brief  Return the configuration string descriptor
 320:USB_DEVICE/App/usbd_desc.c ****   * @param  speed : Current device speed
 321:USB_DEVICE/App/usbd_desc.c ****   * @param  length : Pointer to data length variable
 322:USB_DEVICE/App/usbd_desc.c ****   * @retval Pointer to descriptor buffer
 323:USB_DEVICE/App/usbd_desc.c ****   */
 324:USB_DEVICE/App/usbd_desc.c **** uint8_t * USBD_FS_ConfigStrDescriptor(USBD_SpeedTypeDef speed, uint16_t *length)
 325:USB_DEVICE/App/usbd_desc.c **** {
 326:USB_DEVICE/App/usbd_desc.c ****   if(speed == USBD_SPEED_HIGH)
 327:USB_DEVICE/App/usbd_desc.c ****   {
 328:USB_DEVICE/App/usbd_desc.c ****     USBD_GetString((uint8_t *)USBD_CONFIGURATION_STRING_FS, USBD_StrDesc, length);
 329:USB_DEVICE/App/usbd_desc.c ****   }
 330:USB_DEVICE/App/usbd_desc.c ****   else
 331:USB_DEVICE/App/usbd_desc.c ****   {
 332:USB_DEVICE/App/usbd_desc.c ****     USBD_GetString((uint8_t *)USBD_CONFIGURATION_STRING_FS, USBD_StrDesc, length);
 333:USB_DEVICE/App/usbd_desc.c ****   }
 334:USB_DEVICE/App/usbd_desc.c ****   return USBD_StrDesc;
 335:USB_DEVICE/App/usbd_desc.c **** }
 336:USB_DEVICE/App/usbd_desc.c **** 
 337:USB_DEVICE/App/usbd_desc.c **** /**
 338:USB_DEVICE/App/usbd_desc.c ****   * @brief  Return the interface string descriptor
 339:USB_DEVICE/App/usbd_desc.c ****   * @param  speed : Current device speed
 340:USB_DEVICE/App/usbd_desc.c ****   * @param  length : Pointer to data length variable
 341:USB_DEVICE/App/usbd_desc.c ****   * @retval Pointer to descriptor buffer
 342:USB_DEVICE/App/usbd_desc.c ****   */
 343:USB_DEVICE/App/usbd_desc.c **** uint8_t * USBD_FS_InterfaceStrDescriptor(USBD_SpeedTypeDef speed, uint16_t *length)
 344:USB_DEVICE/App/usbd_desc.c **** {
 345:USB_DEVICE/App/usbd_desc.c ****   if(speed == 0)
 346:USB_DEVICE/App/usbd_desc.c ****   {
 347:USB_DEVICE/App/usbd_desc.c ****     USBD_GetString((uint8_t *)USBD_INTERFACE_STRING_FS, USBD_StrDesc, length);
 348:USB_DEVICE/App/usbd_desc.c ****   }
 349:USB_DEVICE/App/usbd_desc.c ****   else
 350:USB_DEVICE/App/usbd_desc.c ****   {
 351:USB_DEVICE/App/usbd_desc.c ****     USBD_GetString((uint8_t *)USBD_INTERFACE_STRING_FS, USBD_StrDesc, length);
 352:USB_DEVICE/App/usbd_desc.c ****   }
 353:USB_DEVICE/App/usbd_desc.c ****   return USBD_StrDesc;
 354:USB_DEVICE/App/usbd_desc.c **** }
 355:USB_DEVICE/App/usbd_desc.c **** 
 356:USB_DEVICE/App/usbd_desc.c **** /**
 357:USB_DEVICE/App/usbd_desc.c ****   * @brief  Create the serial number string descriptor
 358:USB_DEVICE/App/usbd_desc.c ****   * @param  None
 359:USB_DEVICE/App/usbd_desc.c ****   * @retval None
 360:USB_DEVICE/App/usbd_desc.c ****   */
 361:USB_DEVICE/App/usbd_desc.c **** static void Get_SerialNum(void)
 362:USB_DEVICE/App/usbd_desc.c **** {
 363:USB_DEVICE/App/usbd_desc.c ****   uint32_t deviceserial0;
 364:USB_DEVICE/App/usbd_desc.c ****   uint32_t deviceserial1;
 365:USB_DEVICE/App/usbd_desc.c ****   uint32_t deviceserial2;
 366:USB_DEVICE/App/usbd_desc.c **** 
 367:USB_DEVICE/App/usbd_desc.c ****   deviceserial0 = *(uint32_t *) DEVICE_ID1;
 368:USB_DEVICE/App/usbd_desc.c ****   deviceserial1 = *(uint32_t *) DEVICE_ID2;
ARM GAS  /tmp/ccklNXTm.s 			page 9


 369:USB_DEVICE/App/usbd_desc.c ****   deviceserial2 = *(uint32_t *) DEVICE_ID3;
 370:USB_DEVICE/App/usbd_desc.c **** 
 371:USB_DEVICE/App/usbd_desc.c ****   deviceserial0 += deviceserial2;
 372:USB_DEVICE/App/usbd_desc.c **** 
 373:USB_DEVICE/App/usbd_desc.c ****   if (deviceserial0 != 0)
 374:USB_DEVICE/App/usbd_desc.c ****   {
 375:USB_DEVICE/App/usbd_desc.c ****     IntToUnicode(deviceserial0, &USBD_StringSerial[2], 8);
 376:USB_DEVICE/App/usbd_desc.c ****     IntToUnicode(deviceserial1, &USBD_StringSerial[18], 4);
 377:USB_DEVICE/App/usbd_desc.c ****   }
 378:USB_DEVICE/App/usbd_desc.c **** }
 379:USB_DEVICE/App/usbd_desc.c **** 
 380:USB_DEVICE/App/usbd_desc.c **** /**
 381:USB_DEVICE/App/usbd_desc.c ****   * @brief  Convert Hex 32Bits value into char
 382:USB_DEVICE/App/usbd_desc.c ****   * @param  value: value to convert
 383:USB_DEVICE/App/usbd_desc.c ****   * @param  pbuf: pointer to the buffer
 384:USB_DEVICE/App/usbd_desc.c ****   * @param  len: buffer length
 385:USB_DEVICE/App/usbd_desc.c ****   * @retval None
 386:USB_DEVICE/App/usbd_desc.c ****   */
 387:USB_DEVICE/App/usbd_desc.c **** static void IntToUnicode(uint32_t value, uint8_t * pbuf, uint8_t len)
 388:USB_DEVICE/App/usbd_desc.c **** {
  94              		.loc 1 388 1 is_stmt 1 view -0
  95              		.cfi_startproc
  96              		@ args = 0, pretend = 0, frame = 0
  97              		@ frame_needed = 0, uses_anonymous_args = 0
 389:USB_DEVICE/App/usbd_desc.c ****   uint8_t idx = 0;
  98              		.loc 1 389 3 view .LVU15
 390:USB_DEVICE/App/usbd_desc.c **** 
 391:USB_DEVICE/App/usbd_desc.c ****   for (idx = 0; idx < len; idx++)
  99              		.loc 1 391 3 view .LVU16
 100              		.loc 1 391 12 is_stmt 0 view .LVU17
 101 0000 0023     		movs	r3, #0
 102              	.LVL5:
 103              		.loc 1 391 17 is_stmt 1 view .LVU18
 104              		.loc 1 391 3 is_stmt 0 view .LVU19
 105 0002 9342     		cmp	r3, r2
 106 0004 1ED2     		bcs	.L15
 388:USB_DEVICE/App/usbd_desc.c ****   uint8_t idx = 0;
 107              		.loc 1 388 1 view .LVU20
 108 0006 00B5     		push	{lr}
 109              	.LCFI0:
 110              		.cfi_def_cfa_offset 4
 111              		.cfi_offset 14, -4
 112 0008 10E0     		b	.L11
 113              	.L9:
 392:USB_DEVICE/App/usbd_desc.c ****   {
 393:USB_DEVICE/App/usbd_desc.c ****     if (((value >> 28)) < 0xA)
 394:USB_DEVICE/App/usbd_desc.c ****     {
 395:USB_DEVICE/App/usbd_desc.c ****       pbuf[2 * idx] = (value >> 28) + '0';
 396:USB_DEVICE/App/usbd_desc.c ****     }
 397:USB_DEVICE/App/usbd_desc.c ****     else
 398:USB_DEVICE/App/usbd_desc.c ****     {
 399:USB_DEVICE/App/usbd_desc.c ****       pbuf[2 * idx] = (value >> 28) + 'A' - 10;
 114              		.loc 1 399 7 is_stmt 1 view .LVU21
 115              		.loc 1 399 43 is_stmt 0 view .LVU22
 116 000a 0CF1370C 		add	ip, ip, #55
 117              		.loc 1 399 21 view .LVU23
 118 000e 01F813C0 		strb	ip, [r1, r3, lsl #1]
ARM GAS  /tmp/ccklNXTm.s 			page 10


 119              	.L10:
 400:USB_DEVICE/App/usbd_desc.c ****     }
 401:USB_DEVICE/App/usbd_desc.c **** 
 402:USB_DEVICE/App/usbd_desc.c ****     value = value << 4;
 120              		.loc 1 402 5 is_stmt 1 discriminator 2 view .LVU24
 121              		.loc 1 402 11 is_stmt 0 discriminator 2 view .LVU25
 122 0012 0001     		lsls	r0, r0, #4
 123              	.LVL6:
 403:USB_DEVICE/App/usbd_desc.c **** 
 404:USB_DEVICE/App/usbd_desc.c ****     pbuf[2 * idx + 1] = 0;
 124              		.loc 1 404 5 is_stmt 1 discriminator 2 view .LVU26
 125              		.loc 1 404 12 is_stmt 0 discriminator 2 view .LVU27
 126 0014 4FEA430C 		lsl	ip, r3, #1
 127              		.loc 1 404 9 discriminator 2 view .LVU28
 128 0018 0CF1010C 		add	ip, ip, #1
 129              		.loc 1 404 23 discriminator 2 view .LVU29
 130 001c 4FF0000E 		mov	lr, #0
 131 0020 01F80CE0 		strb	lr, [r1, ip]
 391:USB_DEVICE/App/usbd_desc.c ****   {
 132              		.loc 1 391 28 is_stmt 1 discriminator 2 view .LVU30
 391:USB_DEVICE/App/usbd_desc.c ****   {
 133              		.loc 1 391 31 is_stmt 0 discriminator 2 view .LVU31
 134 0024 0133     		adds	r3, r3, #1
 135              	.LVL7:
 391:USB_DEVICE/App/usbd_desc.c ****   {
 136              		.loc 1 391 31 discriminator 2 view .LVU32
 137 0026 DBB2     		uxtb	r3, r3
 138              	.LVL8:
 391:USB_DEVICE/App/usbd_desc.c ****   {
 139              		.loc 1 391 17 is_stmt 1 discriminator 2 view .LVU33
 391:USB_DEVICE/App/usbd_desc.c ****   {
 140              		.loc 1 391 3 is_stmt 0 discriminator 2 view .LVU34
 141 0028 9342     		cmp	r3, r2
 142 002a 09D2     		bcs	.L16
 143              	.L11:
 393:USB_DEVICE/App/usbd_desc.c ****     {
 144              		.loc 1 393 5 is_stmt 1 view .LVU35
 393:USB_DEVICE/App/usbd_desc.c ****     {
 145              		.loc 1 393 17 is_stmt 0 view .LVU36
 146 002c 4FEA107C 		lsr	ip, r0, #28
 393:USB_DEVICE/App/usbd_desc.c ****     {
 147              		.loc 1 393 8 view .LVU37
 148 0030 B0F1204F 		cmp	r0, #-1610612736
 149 0034 E9D2     		bcs	.L9
 395:USB_DEVICE/App/usbd_desc.c ****     }
 150              		.loc 1 395 7 is_stmt 1 view .LVU38
 395:USB_DEVICE/App/usbd_desc.c ****     }
 151              		.loc 1 395 37 is_stmt 0 view .LVU39
 152 0036 0CF1300C 		add	ip, ip, #48
 395:USB_DEVICE/App/usbd_desc.c ****     }
 153              		.loc 1 395 21 view .LVU40
 154 003a 01F813C0 		strb	ip, [r1, r3, lsl #1]
 155 003e E8E7     		b	.L10
 156              	.L16:
 405:USB_DEVICE/App/usbd_desc.c ****   }
 406:USB_DEVICE/App/usbd_desc.c **** }
 157              		.loc 1 406 1 view .LVU41
ARM GAS  /tmp/ccklNXTm.s 			page 11


 158 0040 5DF804FB 		ldr	pc, [sp], #4
 159              	.L15:
 160              	.LCFI1:
 161              		.cfi_def_cfa_offset 0
 162              		.cfi_restore 14
 163              		.loc 1 406 1 view .LVU42
 164 0044 7047     		bx	lr
 165              		.cfi_endproc
 166              	.LFE156:
 168              		.section	.text.Get_SerialNum,"ax",%progbits
 169              		.align	1
 170              		.syntax unified
 171              		.thumb
 172              		.thumb_func
 174              	Get_SerialNum:
 175              	.LFB155:
 362:USB_DEVICE/App/usbd_desc.c ****   uint32_t deviceserial0;
 176              		.loc 1 362 1 is_stmt 1 view -0
 177              		.cfi_startproc
 178              		@ args = 0, pretend = 0, frame = 0
 179              		@ frame_needed = 0, uses_anonymous_args = 0
 180 0000 38B5     		push	{r3, r4, r5, lr}
 181              	.LCFI2:
 182              		.cfi_def_cfa_offset 16
 183              		.cfi_offset 3, -16
 184              		.cfi_offset 4, -12
 185              		.cfi_offset 5, -8
 186              		.cfi_offset 14, -4
 363:USB_DEVICE/App/usbd_desc.c ****   uint32_t deviceserial1;
 187              		.loc 1 363 3 view .LVU44
 364:USB_DEVICE/App/usbd_desc.c ****   uint32_t deviceserial2;
 188              		.loc 1 364 3 view .LVU45
 365:USB_DEVICE/App/usbd_desc.c **** 
 189              		.loc 1 365 3 view .LVU46
 367:USB_DEVICE/App/usbd_desc.c ****   deviceserial1 = *(uint32_t *) DEVICE_ID2;
 190              		.loc 1 367 3 view .LVU47
 367:USB_DEVICE/App/usbd_desc.c ****   deviceserial1 = *(uint32_t *) DEVICE_ID2;
 191              		.loc 1 367 17 is_stmt 0 view .LVU48
 192 0002 0B4B     		ldr	r3, .L21
 193 0004 D3F80008 		ldr	r0, [r3, #2048]
 194              	.LVL9:
 368:USB_DEVICE/App/usbd_desc.c ****   deviceserial2 = *(uint32_t *) DEVICE_ID3;
 195              		.loc 1 368 3 is_stmt 1 view .LVU49
 368:USB_DEVICE/App/usbd_desc.c ****   deviceserial2 = *(uint32_t *) DEVICE_ID3;
 196              		.loc 1 368 17 is_stmt 0 view .LVU50
 197 0008 D3F80448 		ldr	r4, [r3, #2052]
 198              	.LVL10:
 369:USB_DEVICE/App/usbd_desc.c **** 
 199              		.loc 1 369 3 is_stmt 1 view .LVU51
 369:USB_DEVICE/App/usbd_desc.c **** 
 200              		.loc 1 369 17 is_stmt 0 view .LVU52
 201 000c D3F80838 		ldr	r3, [r3, #2056]
 202              	.LVL11:
 371:USB_DEVICE/App/usbd_desc.c **** 
 203              		.loc 1 371 3 is_stmt 1 view .LVU53
 373:USB_DEVICE/App/usbd_desc.c ****   {
 204              		.loc 1 373 3 view .LVU54
ARM GAS  /tmp/ccklNXTm.s 			page 12


 373:USB_DEVICE/App/usbd_desc.c ****   {
 205              		.loc 1 373 6 is_stmt 0 view .LVU55
 206 0010 C018     		adds	r0, r0, r3
 207              	.LVL12:
 373:USB_DEVICE/App/usbd_desc.c ****   {
 208              		.loc 1 373 6 view .LVU56
 209 0012 00D1     		bne	.L20
 210              	.LVL13:
 211              	.L17:
 378:USB_DEVICE/App/usbd_desc.c **** 
 212              		.loc 1 378 1 view .LVU57
 213 0014 38BD     		pop	{r3, r4, r5, pc}
 214              	.LVL14:
 215              	.L20:
 375:USB_DEVICE/App/usbd_desc.c ****     IntToUnicode(deviceserial1, &USBD_StringSerial[18], 4);
 216              		.loc 1 375 5 is_stmt 1 view .LVU58
 217 0016 074D     		ldr	r5, .L21+4
 218 0018 0822     		movs	r2, #8
 219 001a A91C     		adds	r1, r5, #2
 220 001c FFF7FEFF 		bl	IntToUnicode
 221              	.LVL15:
 376:USB_DEVICE/App/usbd_desc.c ****   }
 222              		.loc 1 376 5 view .LVU59
 223 0020 0422     		movs	r2, #4
 224 0022 05F11201 		add	r1, r5, #18
 225 0026 2046     		mov	r0, r4
 226 0028 FFF7FEFF 		bl	IntToUnicode
 227              	.LVL16:
 378:USB_DEVICE/App/usbd_desc.c **** 
 228              		.loc 1 378 1 is_stmt 0 view .LVU60
 229 002c F2E7     		b	.L17
 230              	.L22:
 231 002e 00BF     		.align	2
 232              	.L21:
 233 0030 00E0F11F 		.word	535945216
 234 0034 00000000 		.word	.LANCHOR2
 235              		.cfi_endproc
 236              	.LFE155:
 238              		.section	.text.USBD_FS_SerialStrDescriptor,"ax",%progbits
 239              		.align	1
 240              		.global	USBD_FS_SerialStrDescriptor
 241              		.syntax unified
 242              		.thumb
 243              		.thumb_func
 245              	USBD_FS_SerialStrDescriptor:
 246              	.LVL17:
 247              	.LFB152:
 305:USB_DEVICE/App/usbd_desc.c ****   UNUSED(speed);
 248              		.loc 1 305 1 is_stmt 1 view -0
 249              		.cfi_startproc
 250              		@ args = 0, pretend = 0, frame = 0
 251              		@ frame_needed = 0, uses_anonymous_args = 0
 305:USB_DEVICE/App/usbd_desc.c ****   UNUSED(speed);
 252              		.loc 1 305 1 is_stmt 0 view .LVU62
 253 0000 08B5     		push	{r3, lr}
 254              	.LCFI3:
 255              		.cfi_def_cfa_offset 8
ARM GAS  /tmp/ccklNXTm.s 			page 13


 256              		.cfi_offset 3, -8
 257              		.cfi_offset 14, -4
 306:USB_DEVICE/App/usbd_desc.c ****   *length = USB_SIZ_STRING_SERIAL;
 258              		.loc 1 306 3 is_stmt 1 view .LVU63
 307:USB_DEVICE/App/usbd_desc.c **** 
 259              		.loc 1 307 3 view .LVU64
 307:USB_DEVICE/App/usbd_desc.c **** 
 260              		.loc 1 307 11 is_stmt 0 view .LVU65
 261 0002 1A23     		movs	r3, #26
 262 0004 0B80     		strh	r3, [r1]	@ movhi
 311:USB_DEVICE/App/usbd_desc.c ****   /* USER CODE BEGIN USBD_FS_SerialStrDescriptor */
 263              		.loc 1 311 3 is_stmt 1 view .LVU66
 264 0006 FFF7FEFF 		bl	Get_SerialNum
 265              	.LVL18:
 315:USB_DEVICE/App/usbd_desc.c **** }
 266              		.loc 1 315 3 view .LVU67
 316:USB_DEVICE/App/usbd_desc.c **** 
 267              		.loc 1 316 1 is_stmt 0 view .LVU68
 268 000a 0148     		ldr	r0, .L25
 269 000c 08BD     		pop	{r3, pc}
 270              	.L26:
 271 000e 00BF     		.align	2
 272              	.L25:
 273 0010 00000000 		.word	.LANCHOR2
 274              		.cfi_endproc
 275              	.LFE152:
 277              		.section	.rodata.USBD_FS_ProductStrDescriptor.str1.4,"aMS",%progbits,1
 278              		.align	2
 279              	.LC0:
 280 0000 53544D33 		.ascii	"STM32 Virtual ComPort\000"
 280      32205669 
 280      72747561 
 280      6C20436F 
 280      6D506F72 
 281              		.section	.text.USBD_FS_ProductStrDescriptor,"ax",%progbits
 282              		.align	1
 283              		.global	USBD_FS_ProductStrDescriptor
 284              		.syntax unified
 285              		.thumb
 286              		.thumb_func
 288              	USBD_FS_ProductStrDescriptor:
 289              	.LVL19:
 290              	.LFB150:
 273:USB_DEVICE/App/usbd_desc.c ****   if(speed == 0)
 291              		.loc 1 273 1 is_stmt 1 view -0
 292              		.cfi_startproc
 293              		@ args = 0, pretend = 0, frame = 0
 294              		@ frame_needed = 0, uses_anonymous_args = 0
 273:USB_DEVICE/App/usbd_desc.c ****   if(speed == 0)
 295              		.loc 1 273 1 is_stmt 0 view .LVU70
 296 0000 08B5     		push	{r3, lr}
 297              	.LCFI4:
 298              		.cfi_def_cfa_offset 8
 299              		.cfi_offset 3, -8
 300              		.cfi_offset 14, -4
 301 0002 0A46     		mov	r2, r1
 274:USB_DEVICE/App/usbd_desc.c ****   {
ARM GAS  /tmp/ccklNXTm.s 			page 14


 302              		.loc 1 274 3 is_stmt 1 view .LVU71
 274:USB_DEVICE/App/usbd_desc.c ****   {
 303              		.loc 1 274 5 is_stmt 0 view .LVU72
 304 0004 28B9     		cbnz	r0, .L28
 276:USB_DEVICE/App/usbd_desc.c ****   }
 305              		.loc 1 276 5 is_stmt 1 view .LVU73
 306 0006 0549     		ldr	r1, .L31
 307              	.LVL20:
 276:USB_DEVICE/App/usbd_desc.c ****   }
 308              		.loc 1 276 5 is_stmt 0 view .LVU74
 309 0008 0548     		ldr	r0, .L31+4
 310              	.LVL21:
 276:USB_DEVICE/App/usbd_desc.c ****   }
 311              		.loc 1 276 5 view .LVU75
 312 000a FFF7FEFF 		bl	USBD_GetString
 313              	.LVL22:
 314              	.L29:
 282:USB_DEVICE/App/usbd_desc.c **** }
 315              		.loc 1 282 3 is_stmt 1 view .LVU76
 283:USB_DEVICE/App/usbd_desc.c **** 
 316              		.loc 1 283 1 is_stmt 0 view .LVU77
 317 000e 0348     		ldr	r0, .L31
 318 0010 08BD     		pop	{r3, pc}
 319              	.LVL23:
 320              	.L28:
 280:USB_DEVICE/App/usbd_desc.c ****   }
 321              		.loc 1 280 5 is_stmt 1 view .LVU78
 322 0012 0249     		ldr	r1, .L31
 323              	.LVL24:
 280:USB_DEVICE/App/usbd_desc.c ****   }
 324              		.loc 1 280 5 is_stmt 0 view .LVU79
 325 0014 0248     		ldr	r0, .L31+4
 326              	.LVL25:
 280:USB_DEVICE/App/usbd_desc.c ****   }
 327              		.loc 1 280 5 view .LVU80
 328 0016 FFF7FEFF 		bl	USBD_GetString
 329              	.LVL26:
 280:USB_DEVICE/App/usbd_desc.c ****   }
 330              		.loc 1 280 5 view .LVU81
 331 001a F8E7     		b	.L29
 332              	.L32:
 333              		.align	2
 334              	.L31:
 335 001c 00000000 		.word	.LANCHOR3
 336 0020 00000000 		.word	.LC0
 337              		.cfi_endproc
 338              	.LFE150:
 340              		.section	.rodata.USBD_FS_ManufacturerStrDescriptor.str1.4,"aMS",%progbits,1
 341              		.align	2
 342              	.LC1:
 343 0000 53544D69 		.ascii	"STMicroelectronics\000"
 343      63726F65 
 343      6C656374 
 343      726F6E69 
 343      637300
 344              		.section	.text.USBD_FS_ManufacturerStrDescriptor,"ax",%progbits
 345              		.align	1
ARM GAS  /tmp/ccklNXTm.s 			page 15


 346              		.global	USBD_FS_ManufacturerStrDescriptor
 347              		.syntax unified
 348              		.thumb
 349              		.thumb_func
 351              	USBD_FS_ManufacturerStrDescriptor:
 352              	.LVL27:
 353              	.LFB151:
 292:USB_DEVICE/App/usbd_desc.c ****   UNUSED(speed);
 354              		.loc 1 292 1 is_stmt 1 view -0
 355              		.cfi_startproc
 356              		@ args = 0, pretend = 0, frame = 0
 357              		@ frame_needed = 0, uses_anonymous_args = 0
 292:USB_DEVICE/App/usbd_desc.c ****   UNUSED(speed);
 358              		.loc 1 292 1 is_stmt 0 view .LVU83
 359 0000 10B5     		push	{r4, lr}
 360              	.LCFI5:
 361              		.cfi_def_cfa_offset 8
 362              		.cfi_offset 4, -8
 363              		.cfi_offset 14, -4
 364 0002 0A46     		mov	r2, r1
 293:USB_DEVICE/App/usbd_desc.c ****   USBD_GetString((uint8_t *)USBD_MANUFACTURER_STRING, USBD_StrDesc, length);
 365              		.loc 1 293 3 is_stmt 1 view .LVU84
 294:USB_DEVICE/App/usbd_desc.c ****   return USBD_StrDesc;
 366              		.loc 1 294 3 view .LVU85
 367 0004 034C     		ldr	r4, .L35
 368 0006 2146     		mov	r1, r4
 369              	.LVL28:
 294:USB_DEVICE/App/usbd_desc.c ****   return USBD_StrDesc;
 370              		.loc 1 294 3 is_stmt 0 view .LVU86
 371 0008 0348     		ldr	r0, .L35+4
 372              	.LVL29:
 294:USB_DEVICE/App/usbd_desc.c ****   return USBD_StrDesc;
 373              		.loc 1 294 3 view .LVU87
 374 000a FFF7FEFF 		bl	USBD_GetString
 375              	.LVL30:
 295:USB_DEVICE/App/usbd_desc.c **** }
 376              		.loc 1 295 3 is_stmt 1 view .LVU88
 296:USB_DEVICE/App/usbd_desc.c **** 
 377              		.loc 1 296 1 is_stmt 0 view .LVU89
 378 000e 2046     		mov	r0, r4
 379 0010 10BD     		pop	{r4, pc}
 380              	.L36:
 381 0012 00BF     		.align	2
 382              	.L35:
 383 0014 00000000 		.word	.LANCHOR3
 384 0018 00000000 		.word	.LC1
 385              		.cfi_endproc
 386              	.LFE151:
 388              		.section	.rodata.USBD_FS_ConfigStrDescriptor.str1.4,"aMS",%progbits,1
 389              		.align	2
 390              	.LC2:
 391 0000 43444320 		.ascii	"CDC Config\000"
 391      436F6E66 
 391      696700
 392              		.section	.text.USBD_FS_ConfigStrDescriptor,"ax",%progbits
 393              		.align	1
 394              		.global	USBD_FS_ConfigStrDescriptor
ARM GAS  /tmp/ccklNXTm.s 			page 16


 395              		.syntax unified
 396              		.thumb
 397              		.thumb_func
 399              	USBD_FS_ConfigStrDescriptor:
 400              	.LVL31:
 401              	.LFB153:
 325:USB_DEVICE/App/usbd_desc.c ****   if(speed == USBD_SPEED_HIGH)
 402              		.loc 1 325 1 is_stmt 1 view -0
 403              		.cfi_startproc
 404              		@ args = 0, pretend = 0, frame = 0
 405              		@ frame_needed = 0, uses_anonymous_args = 0
 325:USB_DEVICE/App/usbd_desc.c ****   if(speed == USBD_SPEED_HIGH)
 406              		.loc 1 325 1 is_stmt 0 view .LVU91
 407 0000 08B5     		push	{r3, lr}
 408              	.LCFI6:
 409              		.cfi_def_cfa_offset 8
 410              		.cfi_offset 3, -8
 411              		.cfi_offset 14, -4
 412 0002 0A46     		mov	r2, r1
 326:USB_DEVICE/App/usbd_desc.c ****   {
 413              		.loc 1 326 3 is_stmt 1 view .LVU92
 326:USB_DEVICE/App/usbd_desc.c ****   {
 414              		.loc 1 326 5 is_stmt 0 view .LVU93
 415 0004 28B9     		cbnz	r0, .L38
 328:USB_DEVICE/App/usbd_desc.c ****   }
 416              		.loc 1 328 5 is_stmt 1 view .LVU94
 417 0006 0549     		ldr	r1, .L41
 418              	.LVL32:
 328:USB_DEVICE/App/usbd_desc.c ****   }
 419              		.loc 1 328 5 is_stmt 0 view .LVU95
 420 0008 0548     		ldr	r0, .L41+4
 421              	.LVL33:
 328:USB_DEVICE/App/usbd_desc.c ****   }
 422              		.loc 1 328 5 view .LVU96
 423 000a FFF7FEFF 		bl	USBD_GetString
 424              	.LVL34:
 425              	.L39:
 334:USB_DEVICE/App/usbd_desc.c **** }
 426              		.loc 1 334 3 is_stmt 1 view .LVU97
 335:USB_DEVICE/App/usbd_desc.c **** 
 427              		.loc 1 335 1 is_stmt 0 view .LVU98
 428 000e 0348     		ldr	r0, .L41
 429 0010 08BD     		pop	{r3, pc}
 430              	.LVL35:
 431              	.L38:
 332:USB_DEVICE/App/usbd_desc.c ****   }
 432              		.loc 1 332 5 is_stmt 1 view .LVU99
 433 0012 0249     		ldr	r1, .L41
 434              	.LVL36:
 332:USB_DEVICE/App/usbd_desc.c ****   }
 435              		.loc 1 332 5 is_stmt 0 view .LVU100
 436 0014 0248     		ldr	r0, .L41+4
 437              	.LVL37:
 332:USB_DEVICE/App/usbd_desc.c ****   }
 438              		.loc 1 332 5 view .LVU101
 439 0016 FFF7FEFF 		bl	USBD_GetString
 440              	.LVL38:
ARM GAS  /tmp/ccklNXTm.s 			page 17


 332:USB_DEVICE/App/usbd_desc.c ****   }
 441              		.loc 1 332 5 view .LVU102
 442 001a F8E7     		b	.L39
 443              	.L42:
 444              		.align	2
 445              	.L41:
 446 001c 00000000 		.word	.LANCHOR3
 447 0020 00000000 		.word	.LC2
 448              		.cfi_endproc
 449              	.LFE153:
 451              		.section	.rodata.USBD_FS_InterfaceStrDescriptor.str1.4,"aMS",%progbits,1
 452              		.align	2
 453              	.LC3:
 454 0000 43444320 		.ascii	"CDC Interface\000"
 454      496E7465 
 454      72666163 
 454      6500
 455              		.section	.text.USBD_FS_InterfaceStrDescriptor,"ax",%progbits
 456              		.align	1
 457              		.global	USBD_FS_InterfaceStrDescriptor
 458              		.syntax unified
 459              		.thumb
 460              		.thumb_func
 462              	USBD_FS_InterfaceStrDescriptor:
 463              	.LVL39:
 464              	.LFB154:
 344:USB_DEVICE/App/usbd_desc.c ****   if(speed == 0)
 465              		.loc 1 344 1 is_stmt 1 view -0
 466              		.cfi_startproc
 467              		@ args = 0, pretend = 0, frame = 0
 468              		@ frame_needed = 0, uses_anonymous_args = 0
 344:USB_DEVICE/App/usbd_desc.c ****   if(speed == 0)
 469              		.loc 1 344 1 is_stmt 0 view .LVU104
 470 0000 08B5     		push	{r3, lr}
 471              	.LCFI7:
 472              		.cfi_def_cfa_offset 8
 473              		.cfi_offset 3, -8
 474              		.cfi_offset 14, -4
 475 0002 0A46     		mov	r2, r1
 345:USB_DEVICE/App/usbd_desc.c ****   {
 476              		.loc 1 345 3 is_stmt 1 view .LVU105
 345:USB_DEVICE/App/usbd_desc.c ****   {
 477              		.loc 1 345 5 is_stmt 0 view .LVU106
 478 0004 28B9     		cbnz	r0, .L44
 347:USB_DEVICE/App/usbd_desc.c ****   }
 479              		.loc 1 347 5 is_stmt 1 view .LVU107
 480 0006 0549     		ldr	r1, .L47
 481              	.LVL40:
 347:USB_DEVICE/App/usbd_desc.c ****   }
 482              		.loc 1 347 5 is_stmt 0 view .LVU108
 483 0008 0548     		ldr	r0, .L47+4
 484              	.LVL41:
 347:USB_DEVICE/App/usbd_desc.c ****   }
 485              		.loc 1 347 5 view .LVU109
 486 000a FFF7FEFF 		bl	USBD_GetString
 487              	.LVL42:
 488              	.L45:
ARM GAS  /tmp/ccklNXTm.s 			page 18


 353:USB_DEVICE/App/usbd_desc.c **** }
 489              		.loc 1 353 3 is_stmt 1 view .LVU110
 354:USB_DEVICE/App/usbd_desc.c **** 
 490              		.loc 1 354 1 is_stmt 0 view .LVU111
 491 000e 0348     		ldr	r0, .L47
 492 0010 08BD     		pop	{r3, pc}
 493              	.LVL43:
 494              	.L44:
 351:USB_DEVICE/App/usbd_desc.c ****   }
 495              		.loc 1 351 5 is_stmt 1 view .LVU112
 496 0012 0249     		ldr	r1, .L47
 497              	.LVL44:
 351:USB_DEVICE/App/usbd_desc.c ****   }
 498              		.loc 1 351 5 is_stmt 0 view .LVU113
 499 0014 0248     		ldr	r0, .L47+4
 500              	.LVL45:
 351:USB_DEVICE/App/usbd_desc.c ****   }
 501              		.loc 1 351 5 view .LVU114
 502 0016 FFF7FEFF 		bl	USBD_GetString
 503              	.LVL46:
 351:USB_DEVICE/App/usbd_desc.c ****   }
 504              		.loc 1 351 5 view .LVU115
 505 001a F8E7     		b	.L45
 506              	.L48:
 507              		.align	2
 508              	.L47:
 509 001c 00000000 		.word	.LANCHOR3
 510 0020 00000000 		.word	.LC3
 511              		.cfi_endproc
 512              	.LFE154:
 514              		.global	USBD_StringSerial
 515              		.global	USBD_StrDesc
 516              		.global	USBD_LangIDDesc
 517              		.global	USBD_FS_BOSDesc
 518              		.global	USBD_FS_DeviceDesc
 519              		.global	FS_Desc
 520              		.section	.bss.USBD_StrDesc,"aw",%nobits
 521              		.align	2
 522              		.set	.LANCHOR3,. + 0
 525              	USBD_StrDesc:
 526 0000 00000000 		.space	512
 526      00000000 
 526      00000000 
 526      00000000 
 526      00000000 
 527              		.section	.data.FS_Desc,"aw"
 528              		.align	2
 531              	FS_Desc:
 532 0000 00000000 		.word	USBD_FS_DeviceDescriptor
 533 0004 00000000 		.word	USBD_FS_LangIDStrDescriptor
 534 0008 00000000 		.word	USBD_FS_ManufacturerStrDescriptor
 535 000c 00000000 		.word	USBD_FS_ProductStrDescriptor
 536 0010 00000000 		.word	USBD_FS_SerialStrDescriptor
 537 0014 00000000 		.word	USBD_FS_ConfigStrDescriptor
 538 0018 00000000 		.word	USBD_FS_InterfaceStrDescriptor
 539 001c 00000000 		.space	4
 540              		.section	.data.USBD_FS_BOSDesc,"aw"
ARM GAS  /tmp/ccklNXTm.s 			page 19


 541              		.align	2
 544              	USBD_FS_BOSDesc:
 545 0000 050F0C00 		.ascii	"\005\017\014\000\001\007\020\002\002\000\000\000"
 545      01071002 
 545      02000000 
 546              		.section	.data.USBD_FS_DeviceDesc,"aw"
 547              		.align	2
 548              		.set	.LANCHOR0,. + 0
 551              	USBD_FS_DeviceDesc:
 552 0000 12010002 		.ascii	"\022\001\000\002\002\002\000@\203\004@W\000\002\001"
 552      02020040 
 552      83044057 
 552      000201
 553 000f 020301   		.ascii	"\002\003\001"
 554              		.section	.data.USBD_LangIDDesc,"aw"
 555              		.align	2
 556              		.set	.LANCHOR1,. + 0
 559              	USBD_LangIDDesc:
 560 0000 04030904 		.ascii	"\004\003\011\004"
 561              		.section	.data.USBD_StringSerial,"aw"
 562              		.align	2
 563              		.set	.LANCHOR2,. + 0
 566              	USBD_StringSerial:
 567 0000 1A0300   		.ascii	"\032\003\000"
 568 0003 00000000 		.space	23
 568      00000000 
 568      00000000 
 568      00000000 
 568      00000000 
 569              		.text
 570              	.Letext0:
 571              		.file 2 "/usr/share/gcc-arm-none-eabi-10.3-2021.10/arm-none-eabi/include/machine/_default_types.h"
 572              		.file 3 "/usr/share/gcc-arm-none-eabi-10.3-2021.10/arm-none-eabi/include/sys/_stdint.h"
 573              		.file 4 "Middlewares/ST/STM32_USB_Device_Library/Core/Inc/usbd_def.h"
 574              		.file 5 "USB_DEVICE/App/usbd_desc.h"
 575              		.file 6 "Middlewares/ST/STM32_USB_Device_Library/Core/Inc/usbd_ctlreq.h"
ARM GAS  /tmp/ccklNXTm.s 			page 20


DEFINED SYMBOLS
                            *ABS*:0000000000000000 usbd_desc.c
     /tmp/ccklNXTm.s:19     .text.USBD_FS_DeviceDescriptor:0000000000000000 $t
     /tmp/ccklNXTm.s:25     .text.USBD_FS_DeviceDescriptor:0000000000000000 USBD_FS_DeviceDescriptor
     /tmp/ccklNXTm.s:48     .text.USBD_FS_DeviceDescriptor:0000000000000008 $d
     /tmp/ccklNXTm.s:53     .text.USBD_FS_LangIDStrDescriptor:0000000000000000 $t
     /tmp/ccklNXTm.s:59     .text.USBD_FS_LangIDStrDescriptor:0000000000000000 USBD_FS_LangIDStrDescriptor
     /tmp/ccklNXTm.s:81     .text.USBD_FS_LangIDStrDescriptor:0000000000000008 $d
     /tmp/ccklNXTm.s:86     .text.IntToUnicode:0000000000000000 $t
     /tmp/ccklNXTm.s:91     .text.IntToUnicode:0000000000000000 IntToUnicode
     /tmp/ccklNXTm.s:169    .text.Get_SerialNum:0000000000000000 $t
     /tmp/ccklNXTm.s:174    .text.Get_SerialNum:0000000000000000 Get_SerialNum
     /tmp/ccklNXTm.s:233    .text.Get_SerialNum:0000000000000030 $d
     /tmp/ccklNXTm.s:239    .text.USBD_FS_SerialStrDescriptor:0000000000000000 $t
     /tmp/ccklNXTm.s:245    .text.USBD_FS_SerialStrDescriptor:0000000000000000 USBD_FS_SerialStrDescriptor
     /tmp/ccklNXTm.s:273    .text.USBD_FS_SerialStrDescriptor:0000000000000010 $d
     /tmp/ccklNXTm.s:278    .rodata.USBD_FS_ProductStrDescriptor.str1.4:0000000000000000 $d
     /tmp/ccklNXTm.s:282    .text.USBD_FS_ProductStrDescriptor:0000000000000000 $t
     /tmp/ccklNXTm.s:288    .text.USBD_FS_ProductStrDescriptor:0000000000000000 USBD_FS_ProductStrDescriptor
     /tmp/ccklNXTm.s:335    .text.USBD_FS_ProductStrDescriptor:000000000000001c $d
     /tmp/ccklNXTm.s:341    .rodata.USBD_FS_ManufacturerStrDescriptor.str1.4:0000000000000000 $d
     /tmp/ccklNXTm.s:345    .text.USBD_FS_ManufacturerStrDescriptor:0000000000000000 $t
     /tmp/ccklNXTm.s:351    .text.USBD_FS_ManufacturerStrDescriptor:0000000000000000 USBD_FS_ManufacturerStrDescriptor
     /tmp/ccklNXTm.s:383    .text.USBD_FS_ManufacturerStrDescriptor:0000000000000014 $d
     /tmp/ccklNXTm.s:389    .rodata.USBD_FS_ConfigStrDescriptor.str1.4:0000000000000000 $d
     /tmp/ccklNXTm.s:393    .text.USBD_FS_ConfigStrDescriptor:0000000000000000 $t
     /tmp/ccklNXTm.s:399    .text.USBD_FS_ConfigStrDescriptor:0000000000000000 USBD_FS_ConfigStrDescriptor
     /tmp/ccklNXTm.s:446    .text.USBD_FS_ConfigStrDescriptor:000000000000001c $d
     /tmp/ccklNXTm.s:452    .rodata.USBD_FS_InterfaceStrDescriptor.str1.4:0000000000000000 $d
     /tmp/ccklNXTm.s:456    .text.USBD_FS_InterfaceStrDescriptor:0000000000000000 $t
     /tmp/ccklNXTm.s:462    .text.USBD_FS_InterfaceStrDescriptor:0000000000000000 USBD_FS_InterfaceStrDescriptor
     /tmp/ccklNXTm.s:509    .text.USBD_FS_InterfaceStrDescriptor:000000000000001c $d
     /tmp/ccklNXTm.s:566    .data.USBD_StringSerial:0000000000000000 USBD_StringSerial
     /tmp/ccklNXTm.s:525    .bss.USBD_StrDesc:0000000000000000 USBD_StrDesc
     /tmp/ccklNXTm.s:559    .data.USBD_LangIDDesc:0000000000000000 USBD_LangIDDesc
     /tmp/ccklNXTm.s:544    .data.USBD_FS_BOSDesc:0000000000000000 USBD_FS_BOSDesc
     /tmp/ccklNXTm.s:551    .data.USBD_FS_DeviceDesc:0000000000000000 USBD_FS_DeviceDesc
     /tmp/ccklNXTm.s:531    .data.FS_Desc:0000000000000000 FS_Desc
     /tmp/ccklNXTm.s:521    .bss.USBD_StrDesc:0000000000000000 $d
     /tmp/ccklNXTm.s:528    .data.FS_Desc:0000000000000000 $d
     /tmp/ccklNXTm.s:541    .data.USBD_FS_BOSDesc:0000000000000000 $d
     /tmp/ccklNXTm.s:547    .data.USBD_FS_DeviceDesc:0000000000000000 $d
     /tmp/ccklNXTm.s:555    .data.USBD_LangIDDesc:0000000000000000 $d
     /tmp/ccklNXTm.s:562    .data.USBD_StringSerial:0000000000000000 $d

UNDEFINED SYMBOLS
USBD_GetString
